生成启动时间为 2019/5/28 12:48:36。
     1>项目“E:\visual studio 2010\Projects\VC-learning\11-2\11-2\11-2.vcxproj”在节点 2 上(build 个目标)。
     1>PrepareForBuild:
         正在创建目录“E:\visual studio 2010\Projects\VC-learning\11-2\Debug\”。
       InitializeBuildStatus:
         正在创建“Debug\11-2.unsuccessfulbuild”，因为已指定“AlwaysCreate”。
       ClCompile:
         e:\Program Files (x86)\Microsoft Visual Studio 10.0\VC\bin\CL.exe /c /ZI /nologo /W3 /WX- /Od /Oy- /D WIN32 /D _WINDOWS /D _DEBUG /D _UNICODE /D UNICODE /D _AFXDLL /Gm /EHsc /RTC1 /MDd /GS /fp:precise /Zc:wchar_t /Zc:forScope /Yc"StdAfx.h" /Fp"Debug\11-2.pch" /Fo"Debug\\" /Fd"Debug\vc100.pdb" /Gd /TP /analyze- /errorReport:prompt stdafx.cpp
         stdafx.cpp
         e:\Program Files (x86)\Microsoft Visual Studio 10.0\VC\bin\CL.exe /c /ZI /nologo /W3 /WX- /Od /Oy- /D WIN32 /D _WINDOWS /D _DEBUG /D _UNICODE /D UNICODE /D _AFXDLL /Gm /EHsc /RTC1 /MDd /GS /fp:precise /Zc:wchar_t /Zc:forScope /Yu"StdAfx.h" /Fp"Debug\11-2.pch" /Fo"Debug\\" /Fd"Debug\vc100.pdb" /Gd /TP /analyze- /errorReport:prompt "11-2.cpp" "11-2Doc.cpp" "11-2View.cpp" ChildFrm.cpp ClassView.cpp FileView.cpp MainFrm.cpp OutputWnd.cpp PropertiesWnd.cpp ViewTree.cpp
         ViewTree.cpp
         PropertiesWnd.cpp
         OutputWnd.cpp
         MainFrm.cpp
         FileView.cpp
         ClassView.cpp
         ChildFrm.cpp
         11-2View.cpp
         11-2Doc.cpp
         11-2.cpp
         正在生成代码...
       ResourceCompile:
         C:\Program Files (x86)\Microsoft SDKs\Windows\v7.0A\bin\rc.exe /D _DEBUG /D _UNICODE /D UNICODE /D _AFXDLL /l"0x0804" /IDebug\ /nologo /fo"Debug\11-2.res" 11-2.rc 
       ManifestResourceCompile:
         C:\Program Files (x86)\Microsoft SDKs\Windows\v7.0A\bin\rc.exe /nologo /fo"Debug\11-2.exe.embed.manifest.res" Debug\11-2_manifest.rc 
       Link:
         e:\Program Files (x86)\Microsoft Visual Studio 10.0\VC\bin\link.exe /ERRORREPORT:PROMPT /OUT:"E:\visual studio 2010\Projects\VC-learning\11-2\Debug\11-2.exe" /INCREMENTAL /NOLOGO /MANIFEST /ManifestFile:"Debug\11-2.exe.intermediate.manifest" /MANIFESTUAC:"level='asInvoker' uiAccess='false'" /DEBUG /PDB:"E:\visual studio 2010\Projects\VC-learning\11-2\Debug\11-2.pdb" /SUBSYSTEM:WINDOWS /TLBID:1 /ENTRY:"wWinMainCRTStartup" /DYNAMICBASE /NXCOMPAT /IMPLIB:"E:\visual studio 2010\Projects\VC-learning\11-2\Debug\11-2.lib" /MACHINE:X86 "Debug\11-2.res"
         "Debug\11-2.exe.embed.manifest.res"
         "Debug\11-2.obj"
         "Debug\11-2Doc.obj"
         "Debug\11-2View.obj"
         Debug\ChildFrm.obj
         Debug\ClassView.obj
         Debug\FileView.obj
         Debug\MainFrm.obj
         Debug\OutputWnd.obj
         Debug\PropertiesWnd.obj
         Debug\stdafx.obj
         Debug\ViewTree.obj
       Manifest:
         C:\Program Files (x86)\Microsoft SDKs\Windows\v7.0A\bin\mt.exe /nologo /verbose /out:"Debug\11-2.exe.embed.manifest" /manifest "Debug\11-2.exe.intermediate.manifest" "e:\Program Files (x86)\Microsoft Visual Studio 10.0\VC\Include\Manifest\dpiaware.manifest"
         C:\Program Files (x86)\Microsoft SDKs\Windows\v7.0A\bin\rc.exe /nologo /fo"Debug\11-2.exe.embed.manifest.res" Debug\11-2_manifest.rc 
       LinkEmbedManifest:
         e:\Program Files (x86)\Microsoft Visual Studio 10.0\VC\bin\link.exe /ERRORREPORT:PROMPT /OUT:"E:\visual studio 2010\Projects\VC-learning\11-2\Debug\11-2.exe" /INCREMENTAL /NOLOGO /MANIFEST /ManifestFile:"Debug\11-2.exe.intermediate.manifest" /MANIFESTUAC:"level='asInvoker' uiAccess='false'" /DEBUG /PDB:"E:\visual studio 2010\Projects\VC-learning\11-2\Debug\11-2.pdb" /SUBSYSTEM:WINDOWS /TLBID:1 /ENTRY:"wWinMainCRTStartup" /DYNAMICBASE /NXCOMPAT /IMPLIB:"E:\visual studio 2010\Projects\VC-learning\11-2\Debug\11-2.lib" /MACHINE:X86 "Debug\11-2.res"
         "Debug\11-2.exe.embed.manifest.res"
         "Debug\11-2.obj"
         "Debug\11-2Doc.obj"
         "Debug\11-2View.obj"
         Debug\ChildFrm.obj
         Debug\ClassView.obj
         Debug\FileView.obj
         Debug\MainFrm.obj
         Debug\OutputWnd.obj
         Debug\PropertiesWnd.obj
         Debug\stdafx.obj
         Debug\ViewTree.obj
         11-2.vcxproj -> E:\visual studio 2010\Projects\VC-learning\11-2\Debug\11-2.exe
       FinalizeBuildStatus:
         正在删除文件“Debug\11-2.unsuccessfulbuild”。
         正在对“Debug\11-2.lastbuildstate”执行 Touch 任务。
     1>已完成生成项目“E:\visual studio 2010\Projects\VC-learning\11-2\11-2\11-2.vcxproj”(build 个目标)的操作。

生成成功。

已用时间 00:00:12.48
