生成启动时间为 2019/5/28 12:35:22。
     1>项目“E:\visual studio 2010\Projects\VC-learning\11.1SingleDoc\11.1SingleDoc\11.1SingleDoc.vcxproj”在节点 2 上(build 个目标)。
     1>InitializeBuildStatus:
         正在对“Debug\11.1SingleDoc.unsuccessfulbuild”执行 Touch 任务。
       ClCompile:
         所有输出均为最新。
         e:\Program Files (x86)\Microsoft Visual Studio 10.0\VC\bin\CL.exe /c /ZI /nologo /W3 /WX- /Od /Oy- /D WIN32 /D _WINDOWS /D _DEBUG /D _UNICODE /D UNICODE /D _AFXDLL /Gm /EHsc /RTC1 /MDd /GS /fp:precise /Zc:wchar_t /Zc:forScope /Yu"StdAfx.h" /Fp"Debug\11.1SingleDoc.pch" /Fo"Debug\\" /Fd"Debug\vc100.pdb" /Gd /TP /analyze- /errorReport:prompt 11.1SingleDocDoc.cpp DlgInput.cpp
         DlgInput.cpp
         正在生成代码...
         正在跳过...(未检测到相关更改)
         11.1SingleDocDoc.cpp
       ResourceCompile:
         C:\Program Files (x86)\Microsoft SDKs\Windows\v7.0A\bin\rc.exe /D _DEBUG /D _UNICODE /D UNICODE /D _AFXDLL /l"0x0804" /IDebug\ /nologo /fo"Debug\11.1SingleDoc.res" 11.1SingleDoc.rc 
       ManifestResourceCompile:
         所有输出均为最新。
       Link:
         e:\Program Files (x86)\Microsoft Visual Studio 10.0\VC\bin\link.exe /ERRORREPORT:PROMPT /OUT:"E:\visual studio 2010\Projects\VC-learning\11.1SingleDoc\Debug\11.1SingleDoc.exe" /INCREMENTAL /NOLOGO /MANIFEST /ManifestFile:"Debug\11.1SingleDoc.exe.intermediate.manifest" /MANIFESTUAC:"level='asInvoker' uiAccess='false'" /DEBUG /PDB:"E:\visual studio 2010\Projects\VC-learning\11.1SingleDoc\Debug\11.1SingleDoc.pdb" /SUBSYSTEM:WINDOWS /TLBID:1 /ENTRY:"wWinMainCRTStartup" /DYNAMICBASE /NXCOMPAT /IMPLIB:"E:\visual studio 2010\Projects\VC-learning\11.1SingleDoc\Debug\11.1SingleDoc.lib" /MACHINE:X86 Debug\11.1SingleDoc.res
         Debug\11.1SingleDoc.exe.embed.manifest.res
         Debug\11.1SingleDoc.obj
         Debug\11.1SingleDocDoc.obj
         Debug\11.1SingleDocView.obj
         Debug\DlgInput.obj
         Debug\MainFrm.obj
         Debug\stdafx.obj
       Manifest:
         C:\Program Files (x86)\Microsoft SDKs\Windows\v7.0A\bin\mt.exe /nologo /verbose /out:"Debug\11.1SingleDoc.exe.embed.manifest" /manifest Debug\11.1SingleDoc.exe.intermediate.manifest "e:\Program Files (x86)\Microsoft Visual Studio 10.0\VC\Include\Manifest\dpiaware.manifest"
         所有输出均为最新。
       LinkEmbedManifest:
         所有输出均为最新。
         11.1SingleDoc.vcxproj -> E:\visual studio 2010\Projects\VC-learning\11.1SingleDoc\Debug\11.1SingleDoc.exe
       FinalizeBuildStatus:
         正在删除文件“Debug\11.1SingleDoc.unsuccessfulbuild”。
         正在对“Debug\11.1SingleDoc.lastbuildstate”执行 Touch 任务。
     1>已完成生成项目“E:\visual studio 2010\Projects\VC-learning\11.1SingleDoc\11.1SingleDoc\11.1SingleDoc.vcxproj”(build 个目标)的操作。

生成成功。

已用时间 00:00:08.41
