生成启动时间为 2019/5/19 15:20:32。
     1>项目“E:\visual studio 2010\Projects\VC-learning\6.4\6.4\6.4.vcxproj”在节点 2 上(build 个目标)。
     1>InitializeBuildStatus:
         正在创建“Debug\6.4.unsuccessfulbuild”，因为已指定“AlwaysCreate”。
       ClCompile:
         所有输出均为最新。
         e:\Program Files (x86)\Microsoft Visual Studio 10.0\VC\bin\CL.exe /c /ZI /nologo /W3 /WX- /Od /Oy- /D WIN32 /D _DEBUG /D _WINDOWS /D _UNICODE /D UNICODE /Gm /EHsc /RTC1 /MDd /GS /fp:precise /Zc:wchar_t /Zc:forScope /Yu"StdAfx.h" /Fp"Debug\6.4.pch" /Fo"Debug\\" /Fd"Debug\vc100.pdb" /Gd /TP /analyze- /errorReport:prompt 6.4.cpp
         6.4.cpp
     1>e:\visual studio 2010\projects\vc-learning\6.4\6.4\6.4.cpp(137): warning C4101: “ps”: 未引用的局部变量
     1>e:\visual studio 2010\projects\vc-learning\6.4\6.4\6.4.cpp(136): warning C4101: “wmId”: 未引用的局部变量
     1>e:\visual studio 2010\projects\vc-learning\6.4\6.4\6.4.cpp(136): warning C4101: “wmEvent”: 未引用的局部变量
     1>e:\visual studio 2010\projects\vc-learning\6.4\6.4\6.4.cpp(192): warning C4700: 使用了未初始化的局部变量“lpSize”
       ResourceCompile:
         所有输出均为最新。
       ManifestResourceCompile:
         所有输出均为最新。
       Link:
         e:\Program Files (x86)\Microsoft Visual Studio 10.0\VC\bin\link.exe /ERRORREPORT:PROMPT /OUT:"E:\visual studio 2010\Projects\VC-learning\6.4\Debug\6.4.exe" /INCREMENTAL /NOLOGO kernel32.lib user32.lib gdi32.lib winspool.lib comdlg32.lib advapi32.lib shell32.lib ole32.lib oleaut32.lib uuid.lib odbc32.lib odbccp32.lib /MANIFEST /ManifestFile:"Debug\6.4.exe.intermediate.manifest" /MANIFESTUAC:"level='asInvoker' uiAccess='false'" /DEBUG /PDB:"E:\visual studio 2010\Projects\VC-learning\6.4\Debug\6.4.pdb" /SUBSYSTEM:WINDOWS /TLBID:1 /DYNAMICBASE /NXCOMPAT /IMPLIB:"E:\visual studio 2010\Projects\VC-learning\6.4\Debug\6.4.lib" /MACHINE:X86 Debug\6.4.res
         Debug\6.4.exe.embed.manifest.res
         Debug\6.4.obj
         Debug\stdafx.obj
       Manifest:
         C:\Program Files (x86)\Microsoft SDKs\Windows\v7.0A\bin\mt.exe /nologo /verbose /out:"Debug\6.4.exe.embed.manifest" /manifest Debug\6.4.exe.intermediate.manifest
         所有输出均为最新。
       LinkEmbedManifest:
         所有输出均为最新。
         6.4.vcxproj -> E:\visual studio 2010\Projects\VC-learning\6.4\Debug\6.4.exe
       FinalizeBuildStatus:
         正在删除文件“Debug\6.4.unsuccessfulbuild”。
         正在对“Debug\6.4.lastbuildstate”执行 Touch 任务。
     1>已完成生成项目“E:\visual studio 2010\Projects\VC-learning\6.4\6.4\6.4.vcxproj”(build 个目标)的操作。

生成成功。

已用时间 00:00:00.79
