生成启动时间为 2019/5/19 14:45:37。
     1>项目“E:\visual studio 2010\Projects\VC-learning\5.6\5.6\5.6.vcxproj”在节点 2 上(build 个目标)。
     1>InitializeBuildStatus:
         正在创建“Debug\5.6.unsuccessfulbuild”，因为已指定“AlwaysCreate”。
       ClCompile:
         所有输出均为最新。
         e:\Program Files (x86)\Microsoft Visual Studio 10.0\VC\bin\CL.exe /c /ZI /nologo /W3 /WX- /Od /Oy- /D WIN32 /D _DEBUG /D _WINDOWS /D _UNICODE /D UNICODE /Gm /EHsc /RTC1 /MDd /GS /fp:precise /Zc:wchar_t /Zc:forScope /Yu"StdAfx.h" /Fp"Debug\5.6.pch" /Fo"Debug\\" /Fd"Debug\vc100.pdb" /Gd /TP /analyze- /errorReport:prompt 5.6.cpp
         5.6.cpp
     1>e:\visual studio 2010\projects\vc-learning\5.6\5.6\5.6.cpp(143): warning C4101: “chFont”: 未引用的局部变量
       ResourceCompile:
         所有输出均为最新。
       ManifestResourceCompile:
         所有输出均为最新。
       Link:
         e:\Program Files (x86)\Microsoft Visual Studio 10.0\VC\bin\link.exe /ERRORREPORT:PROMPT /OUT:"E:\visual studio 2010\Projects\VC-learning\5.6\Debug\5.6.exe" /INCREMENTAL /NOLOGO kernel32.lib user32.lib gdi32.lib winspool.lib comdlg32.lib advapi32.lib shell32.lib ole32.lib oleaut32.lib uuid.lib odbc32.lib odbccp32.lib /MANIFEST /ManifestFile:"Debug\5.6.exe.intermediate.manifest" /MANIFESTUAC:"level='asInvoker' uiAccess='false'" /DEBUG /PDB:"E:\visual studio 2010\Projects\VC-learning\5.6\Debug\5.6.pdb" /SUBSYSTEM:WINDOWS /TLBID:1 /DYNAMICBASE /NXCOMPAT /IMPLIB:"E:\visual studio 2010\Projects\VC-learning\5.6\Debug\5.6.lib" /MACHINE:X86 Debug\5.6.res
         Debug\5.6.exe.embed.manifest.res
         Debug\5.6.obj
         Debug\stdafx.obj
       Manifest:
         C:\Program Files (x86)\Microsoft SDKs\Windows\v7.0A\bin\mt.exe /nologo /verbose /out:"Debug\5.6.exe.embed.manifest" /manifest Debug\5.6.exe.intermediate.manifest
         所有输出均为最新。
       LinkEmbedManifest:
         所有输出均为最新。
         5.6.vcxproj -> E:\visual studio 2010\Projects\VC-learning\5.6\Debug\5.6.exe
       FinalizeBuildStatus:
         正在删除文件“Debug\5.6.unsuccessfulbuild”。
         正在对“Debug\5.6.lastbuildstate”执行 Touch 任务。
     1>已完成生成项目“E:\visual studio 2010\Projects\VC-learning\5.6\5.6\5.6.vcxproj”(build 个目标)的操作。

生成成功。

已用时间 00:00:01.11
