生成启动时间为 2019/5/21 16:10:17。
     1>项目“E:\visual studio 2010\Projects\VC-learning\10.2\10.2\10.2.vcxproj”在节点 2 上(build 个目标)。
     1>InitializeBuildStatus:
         正在创建“Debug\10.2.unsuccessfulbuild”，因为已指定“AlwaysCreate”。
       ClCompile:
         所有输出均为最新。
         所有输出均为最新。
       ResourceCompile:
         C:\Program Files (x86)\Microsoft SDKs\Windows\v7.0A\bin\rc.exe /D _DEBUG /D _UNICODE /D UNICODE /D _AFXDLL /l"0x0804" /IDebug\ /nologo /fo"Debug\10.2.res" 10.2.rc 
       ManifestResourceCompile:
         所有输出均为最新。
       Link:
         e:\Program Files (x86)\Microsoft Visual Studio 10.0\VC\bin\link.exe /ERRORREPORT:PROMPT /OUT:"E:\visual studio 2010\Projects\VC-learning\10.2\Debug\10.2.exe" /INCREMENTAL /NOLOGO /MANIFEST /ManifestFile:"Debug\10.2.exe.intermediate.manifest" /MANIFESTUAC:"level='asInvoker' uiAccess='false'" /DEBUG /PDB:"E:\visual studio 2010\Projects\VC-learning\10.2\Debug\10.2.pdb" /SUBSYSTEM:WINDOWS /TLBID:1 /ENTRY:"wWinMainCRTStartup" /DYNAMICBASE /NXCOMPAT /IMPLIB:"E:\visual studio 2010\Projects\VC-learning\10.2\Debug\10.2.lib" /MACHINE:X86 Debug\10.2.res
         Debug\10.2.exe.embed.manifest.res
         Debug\10.2.obj
         Debug\10.2Doc.obj
         Debug\10.2View.obj
         Debug\ClassView.obj
         Debug\FileView.obj
         Debug\MainFrm.obj
         Debug\OutputWnd.obj
         Debug\PropertiesWnd.obj
         Debug\stdafx.obj
         Debug\ViewTree.obj
       Manifest:
         C:\Program Files (x86)\Microsoft SDKs\Windows\v7.0A\bin\mt.exe /nologo /verbose /out:"Debug\10.2.exe.embed.manifest" /manifest Debug\10.2.exe.intermediate.manifest "e:\Program Files (x86)\Microsoft Visual Studio 10.0\VC\Include\Manifest\dpiaware.manifest"
         所有输出均为最新。
       LinkEmbedManifest:
         所有输出均为最新。
         10.2.vcxproj -> E:\visual studio 2010\Projects\VC-learning\10.2\Debug\10.2.exe
       FinalizeBuildStatus:
         正在删除文件“Debug\10.2.unsuccessfulbuild”。
         正在对“Debug\10.2.lastbuildstate”执行 Touch 任务。
     1>已完成生成项目“E:\visual studio 2010\Projects\VC-learning\10.2\10.2\10.2.vcxproj”(build 个目标)的操作。

生成成功。

已用时间 00:00:01.32
