生成启动时间为 2019/5/21 22:18:01。
     1>项目“E:\visual studio 2010\Projects\VC-learning\7.3\7.3\7.3.vcxproj”在节点 2 上(build 个目标)。
     1>InitializeBuildStatus:
         正在创建“Debug\7.3.unsuccessfulbuild”，因为已指定“AlwaysCreate”。
       ClCompile:
         所有输出均为最新。
         e:\Program Files (x86)\Microsoft Visual Studio 10.0\VC\bin\CL.exe /c /ZI /nologo /W3 /WX- /Od /Oy- /D WIN32 /D _DEBUG /D _WINDOWS /D _UNICODE /D UNICODE /Gm /EHsc /RTC1 /MDd /GS /fp:precise /Zc:wchar_t /Zc:forScope /Yu"StdAfx.h" /Fp"Debug\7.3.pch" /Fo"Debug\\" /Fd"Debug\vc100.pdb" /Gd /TP /analyze- /errorReport:prompt 7.3.cpp
         7.3.cpp
     1>e:\visual studio 2010\projects\vc-learning\7.3\7.3\7.3.cpp(202): warning C4996: 'wcscpy': This function or variable may be unsafe. Consider using wcscpy_s instead. To disable deprecation, use _CRT_SECURE_NO_WARNINGS. See online help for details.
                 e:\program files (x86)\microsoft visual studio 10.0\vc\include\string.h(283) : 参见“wcscpy”的声明
     1>e:\visual studio 2010\projects\vc-learning\7.3\7.3\7.3.cpp(203): warning C4996: 'wcscat': This function or variable may be unsafe. Consider using wcscat_s instead. To disable deprecation, use _CRT_SECURE_NO_WARNINGS. See online help for details.
                 e:\program files (x86)\microsoft visual studio 10.0\vc\include\string.h(276) : 参见“wcscat”的声明
     1>e:\visual studio 2010\projects\vc-learning\7.3\7.3\7.3.cpp(233): warning C4996: 'wcscpy': This function or variable may be unsafe. Consider using wcscpy_s instead. To disable deprecation, use _CRT_SECURE_NO_WARNINGS. See online help for details.
                 e:\program files (x86)\microsoft visual studio 10.0\vc\include\string.h(283) : 参见“wcscpy”的声明
     1>e:\visual studio 2010\projects\vc-learning\7.3\7.3\7.3.cpp(234): warning C4996: 'wcscat': This function or variable may be unsafe. Consider using wcscat_s instead. To disable deprecation, use _CRT_SECURE_NO_WARNINGS. See online help for details.
                 e:\program files (x86)\microsoft visual studio 10.0\vc\include\string.h(276) : 参见“wcscat”的声明
       ResourceCompile:
         所有输出均为最新。
       ManifestResourceCompile:
         所有输出均为最新。
       Link:
         e:\Program Files (x86)\Microsoft Visual Studio 10.0\VC\bin\link.exe /ERRORREPORT:PROMPT /OUT:"E:\visual studio 2010\Projects\VC-learning\7.3\Debug\7.3.exe" /INCREMENTAL /NOLOGO kernel32.lib user32.lib gdi32.lib winspool.lib comdlg32.lib advapi32.lib shell32.lib ole32.lib oleaut32.lib uuid.lib odbc32.lib odbccp32.lib /MANIFEST /ManifestFile:"Debug\7.3.exe.intermediate.manifest" /MANIFESTUAC:"level='asInvoker' uiAccess='false'" /DEBUG /PDB:"E:\visual studio 2010\Projects\VC-learning\7.3\Debug\7.3.pdb" /SUBSYSTEM:WINDOWS /TLBID:1 /DYNAMICBASE /NXCOMPAT /IMPLIB:"E:\visual studio 2010\Projects\VC-learning\7.3\Debug\7.3.lib" /MACHINE:X86 Debug\7.3.res
         Debug\7.3.exe.embed.manifest.res
         Debug\7.3.obj
         Debug\stdafx.obj
       Manifest:
         C:\Program Files (x86)\Microsoft SDKs\Windows\v7.0A\bin\mt.exe /nologo /verbose /out:"Debug\7.3.exe.embed.manifest" /manifest Debug\7.3.exe.intermediate.manifest
         所有输出均为最新。
       LinkEmbedManifest:
         所有输出均为最新。
         7.3.vcxproj -> E:\visual studio 2010\Projects\VC-learning\7.3\Debug\7.3.exe
       FinalizeBuildStatus:
         正在删除文件“Debug\7.3.unsuccessfulbuild”。
         正在对“Debug\7.3.lastbuildstate”执行 Touch 任务。
     1>已完成生成项目“E:\visual studio 2010\Projects\VC-learning\7.3\7.3\7.3.vcxproj”(build 个目标)的操作。

生成成功。

已用时间 00:00:01.28
